DEBUG:urllib3.connectionpool:Starting new HTTPS connection (1): www.alphavantage.co:443
DEBUG:urllib3.connectionpool:https://www.alphavantage.co:443 "GET /query?&function=TIME_SERIES_DAILY&symbol=ASHR.L&outputsize=full&datatype=json&apikey=GD5O2HJGYVV89VGE HTTP/1.1" 200 None
DEBUG:urllib3.connectionpool:Starting new HTTPS connection (1): www.alphavantage.co:443
DEBUG:urllib3.connectionpool:https://www.alphavantage.co:443 "GET /query?&function=TIME_SERIES_DAILY&symbol=XCS6.DE&outputsize=full&datatype=json&apikey=GD5O2HJGYVV89VGE HTTP/1.1" 200 None
DEBUG:urllib3.connectionpool:Starting new HTTPS connection (1): www.alphavantage.co:443
DEBUG:urllib3.connectionpool:https://www.alphavantage.co:443 "GET /query?&function=TIME_SERIES_DAILY&symbol=IMV.L&outputsize=full&datatype=json&apikey=GD5O2HJGYVV89VGE HTTP/1.1" 200 None
DEBUG:urllib3.connectionpool:Starting new HTTPS connection (1): www.alphavantage.co:443
DEBUG:urllib3.connectionpool:https://www.alphavantage.co:443 "GET /query?&function=TIME_SERIES_DAILY&symbol=NASD.L&outputsize=full&datatype=json&apikey=GD5O2HJGYVV89VGE HTTP/1.1" 200 None
DEBUG:urllib3.connectionpool:Starting new HTTPS connection (1): www.alphavantage.co:443
DEBUG:urllib3.connectionpool:https://www.alphavantage.co:443 "GET /query?&function=TIME_SERIES_DAILY&symbol=FSKY.L&outputsize=full&datatype=json&apikey=GD5O2HJGYVV89VGE HTTP/1.1" 200 None
DEBUG:urllib3.connectionpool:Starting new HTTPS connection (1): www.alphavantage.co:443
DEBUG:urllib3.connectionpool:https://www.alphavantage.co:443 "GET /query?&function=TIME_SERIES_DAILY&symbol=BATT.L&outputsize=full&datatype=json&apikey=GD5O2HJGYVV89VGE HTTP/1.1" 200 None
DEBUG:urllib3.connectionpool:Starting new HTTPS connection (1): www.alphavantage.co:443
DEBUG:urllib3.connectionpool:https://www.alphavantage.co:443 "GET /query?&function=TIME_SERIES_DAILY&symbol=BATT.L&outputsize=full&datatype=json&apikey=GD5O2HJGYVV89VGE HTTP/1.1" 200 None
DEBUG:urllib3.connectionpool:Starting new HTTPS connection (1): www.alphavantage.co:443
DEBUG:urllib3.connectionpool:https://www.alphavantage.co:443 "GET /query?&function=TIME_SERIES_DAILY&symbol=XAIX.DE&outputsize=full&datatype=json&apikey=GD5O2HJGYVV89VGE HTTP/1.1" 200 None
DEBUG:urllib3.connectionpool:Starting new HTTPS connection (1): www.alphavantage.co:443
DEBUG:urllib3.connectionpool:https://www.alphavantage.co:443 "GET /query?&function=TIME_SERIES_DAILY&symbol=RBOD.L&outputsize=full&datatype=json&apikey=GD5O2HJGYVV89VGE HTTP/1.1" 200 None
DEBUG:urllib3.connectionpool:Starting new HTTPS connection (1): www.alphavantage.co:443
DEBUG:urllib3.connectionpool:https://www.alphavantage.co:443 "GET /query?&function=TIME_SERIES_DAILY&symbol=DGIT.L&outputsize=full&datatype=json&apikey=GD5O2HJGYVV89VGE HTTP/1.1" 200 None
DEBUG:urllib3.connectionpool:Starting new HTTPS connection (1): www.alphavantage.co:443
DEBUG:urllib3.connectionpool:https://www.alphavantage.co:443 "GET /query?&function=TIME_SERIES_DAILY&symbol=IPRV.L&outputsize=full&datatype=json&apikey=GD5O2HJGYVV89VGE HTTP/1.1" 200 None
